cycle 0
$00: 0x00000000
$01: 0x00000000
$02: 0x00000000
$03: 0x00000000
$04: 0x00000000
$05: 0x00000000
$06: 0x00000000
$07: 0x00000000
$08: 0x00000000
$09: 0x00000000
$10: 0x00000000
$11: 0x00000000
$12: 0x00000000
$13: 0x00000000
$14: 0x00000000
$15: 0x00000000
$16: 0x00000000
$17: 0x00000000
$18: 0x00000000
$19: 0x00000000
$20: 0x00000000
$21: 0x00000000
$22: 0x00000000
$23: 0x00000000
$24: 0x00000000
$25: 0x00000000
$26: 0x00000000
$27: 0x00000000
$28: 0x00000000
$29: 0x00000000
$30: 0x00000000
$31: 0x00000000
$HI: 0x00000000
$LO: 0x00000000
PC: 0x00000000
IF: 0x8C620000
ID: NOP
EX: NOP
DM: NOP
WB: NOP


cycle 1
PC: 0x00000004
IF: 0x00241825
ID: OR
EX: NOP
DM: NOP
WB: NOP


cycle 2
PC: 0x00000008
IF: 0x10430001 to_be_stalled
ID: BEQ to_be_stalled
EX: OR
DM: NOP
WB: NOP


cycle 3
PC: 0x00000008
IF: 0x10430001 to_be_flushed
ID: BEQ fwd_EX-DM_rt_$2
EX: NOP
DM: OR
WB: NOP


cycle 4
PC: 0x00000010
IF: 0xFFFFFFFF
ID: HALT
EX: BEQ
DM: NOP
WB: OR


cycle 5
PC: 0x00000014
IF: 0xFFFFFFFF
ID: HALT
EX: HALT
DM: BEQ
WB: NOP


cycle 6
PC: 0x00000018
IF: 0xFFFFFFFF
ID: HALT
EX: HALT
DM: HALT
WB: BEQ


cycle 7
PC: 0x0000001C
IF: 0xFFFFFFFF
ID: HALT
EX: HALT
DM: HALT
WB: HALT


