cycle 0
$00: 0x00000000
$01: 0x00000000
$02: 0x00000000
$03: 0x00000000
$04: 0x00000000
$05: 0x00000000
$06: 0x00000000
$07: 0x00000000
$08: 0x00000000
$09: 0x00000000
$10: 0x00000000
$11: 0x00000000
$12: 0x00000000
$13: 0x00000000
$14: 0x00000000
$15: 0x00000000
$16: 0x00000000
$17: 0x00000000
$18: 0x00000000
$19: 0x00000000
$20: 0x00000000
$21: 0x00000000
$22: 0x00000000
$23: 0x00000000
$24: 0x00000000
$25: 0x00000000
$26: 0x00000000
$27: 0x00000000
$28: 0x00000000
$29: 0x0000007B
$30: 0x00000000
$31: 0x00000000
$HI: 0x00000000
$LO: 0x00000000
PC: 0x00000014
IF: 0x201D007B
ID: NOP
EX: NOP
DM: NOP
WB: NOP


cycle 1
PC: 0x00000018
IF: 0x20000000
ID: ADDI
EX: NOP
DM: NOP
WB: NOP


cycle 2
PC: 0x0000001C
IF: 0x20010001
ID: ADDI
EX: ADDI
DM: NOP
WB: NOP


cycle 3
PC: 0x00000020
IF: 0x2002FFFF
ID: ADDI
EX: ADDI
DM: ADDI
WB: NOP


cycle 4
PC: 0x00000024
IF: 0x3C037FFF
ID: ADDI
EX: ADDI
DM: ADDI
WB: ADDI


cycle 5
PC: 0x00000028
IF: 0x3463FFFF
ID: LUI
EX: ADDI
DM: ADDI
WB: ADDI


cycle 6
PC: 0x0000002C
IF: 0x20630001
ID: ORI
EX: LUI
DM: ADDI
WB: ADDI


cycle 7
$01: 0x00000001
PC: 0x00000030
IF: 0x2063FFFF
ID: ADDI
EX: ORI fwd_EX-DM_rs_$3
DM: LUI
WB: ADDI


cycle 8
$02: 0xFFFFFFFF
PC: 0x00000034
IF: 0x00622022
ID: ADDI
EX: ADDI fwd_EX-DM_rs_$3
DM: ORI
WB: LUI


cycle 9
$03: 0x7FFF0000
PC: 0x00000038
IF: 0x00612020
ID: SUB
EX: ADDI fwd_EX-DM_rs_$3
DM: ADDI
WB: ORI


cycle 10
$03: 0x7FFFFFFF
PC: 0x0000003C
IF: 0x00612021
ID: ADD
EX: SUB fwd_EX-DM_rs_$3
DM: ADDI
WB: ADDI


cycle 11
$03: 0x80000000
PC: 0x00000040
IF: 0x20640001
ID: ADDU
EX: ADD fwd_DM-WB_rs_$3
DM: SUB
WB: ADDI


cycle 12
$03: 0x7FFFFFFF
PC: 0x00000044
IF: 0x00000040
ID: ADDI
EX: ADDU
DM: ADD
WB: SUB


cycle 13
$04: 0x80000000
PC: 0x00000048
IF: 0x00000000
ID: SLL
EX: ADDI
DM: ADDU
WB: ADD


cycle 14
PC: 0x0000004C
IF: 0x03E00000
ID: NOP
EX: SLL
DM: ADDI
WB: ADDU


cycle 15
PC: 0x00000050
IF: 0x00E00000
ID: NOP
EX: NOP
DM: SLL
WB: ADDI


cycle 16
PC: 0x00000054
IF: 0x20050001
ID: NOP
EX: NOP
DM: NOP
WB: SLL


cycle 17
PC: 0x00000058
IF: 0x20060002
ID: ADDI
EX: NOP
DM: NOP
WB: NOP


cycle 18
PC: 0x0000005C
IF: 0x8CA70003
ID: ADDI
EX: ADDI
DM: NOP
WB: NOP


cycle 19
PC: 0x00000060
IF: 0x8CC7000A
ID: LW
EX: ADDI
DM: ADDI
WB: NOP


cycle 20
PC: 0x00000064
IF: 0x84A70007
ID: LW
EX: LW fwd_DM-WB_rs_$5
DM: ADDI
WB: ADDI


cycle 21
$05: 0x00000001
PC: 0x00000068
IF: 0x84C70000
ID: LH
EX: LW fwd_DM-WB_rs_$6
DM: LW
WB: ADDI


cycle 22
$06: 0x00000002
PC: 0x0000006C
IF: 0x201F007C
ID: LH
EX: LH
DM: LW
WB: LW


cycle 23
$07: 0x1C06DAC5
PC: 0x00000070
IF: 0xAC3F0003
ID: ADDI
EX: LH
DM: LH
WB: LW


cycle 24
$07: 0x427C3C52
PC: 0x00000074
IF: 0x8C1F0004
ID: SW
EX: ADDI
DM: LH
WB: LH


cycle 25
$07: 0x00000000
PC: 0x00000078
IF: 0x03E110C8
ID: LW
EX: SW fwd_EX-DM_rt_$31
DM: ADDI
WB: LH


cycle 26
$07: 0x00003AF0
PC: 0x0000007C
IF: 0x201F0084 to_be_stalled
ID: JR to_be_stalled
EX: LW
DM: SW
WB: ADDI


cycle 27
$31: 0x0000007C
PC: 0x0000007C
IF: 0x201F0084 to_be_stalled
ID: JR to_be_stalled
EX: NOP
DM: LW
WB: SW


cycle 28
PC: 0x0000007C
IF: 0x201F0084 to_be_flushed
ID: JR
EX: NOP
DM: NOP
WB: LW


cycle 29
PC: 0x0000007C
IF: 0x201F0084
ID: NOP
EX: JR
DM: NOP
WB: NOP


cycle 30
PC: 0x00000080
IF: 0x03FFFC48
ID: ADDI
EX: NOP
DM: JR
WB: NOP


cycle 31
PC: 0x00000084
IF: 0x20A00000 to_be_stalled
ID: JR to_be_stalled
EX: ADDI
DM: NOP
WB: JR


cycle 32
PC: 0x00000084
IF: 0x20A00000 to_be_flushed
ID: JR fwd_EX-DM_rs_$31
EX: NOP
DM: ADDI
WB: NOP


cycle 33
PC: 0x00000084
IF: 0x20A00000
ID: NOP
EX: JR
DM: NOP
WB: ADDI


cycle 34
$31: 0x00000084
PC: 0x00000088
IF: 0x28A60400
ID: ADDI
EX: NOP
DM: JR
WB: NOP


cycle 35
PC: 0x0000008C
IF: 0xFC000000
ID: SLTI
EX: ADDI
DM: NOP
WB: JR


cycle 36
PC: 0x00000090
IF: 0xFC000000
ID: HALT
EX: SLTI
DM: ADDI
WB: NOP


cycle 37
PC: 0x00000094
IF: 0xFC000000
ID: HALT
EX: HALT
DM: SLTI
WB: ADDI


cycle 38
PC: 0x00000098
IF: 0xFC000000
ID: HALT
EX: HALT
DM: HALT
WB: SLTI


cycle 39
$06: 0x00000001
PC: 0x0000009C
IF: 0xFC000000
ID: HALT
EX: HALT
DM: HALT
WB: HALT


